   1               		.file	"classic2usb.c"
   2               	__SREG__ = 0x3f
   3               	__SP_H__ = 0x3e
   4               	__SP_L__ = 0x3d
   5               	__CCP__  = 0x34
   6               	__tmp_reg__ = 0
   7               	__zero_reg__ = 1
  15               	.Ltext0:
  16               		.section	.text.EVENT_USB_Device_Connect,"ax",@progbits
  17               	.global	EVENT_USB_Device_Connect
  19               	EVENT_USB_Device_Connect:
  20               	.LFB106:
  21               	.LSM0:
  22               	/* prologue: function */
  23               	/* frame size = 0 */
  24               	.LBB22:
  25               	.LBB23:
  26               	.LSM1:
  27 0000 5E9A      		sbi 43-32,6
  28               	/* epilogue start */
  29               	.LBE23:
  30               	.LBE22:
  31               	.LSM2:
  32 0002 0895      		ret
  33               	.LFE106:
  35               		.section	.text.EVENT_USB_Device_Disconnect,"ax",@progbits
  36               	.global	EVENT_USB_Device_Disconnect
  38               	EVENT_USB_Device_Disconnect:
  39               	.LFB107:
  40               	.LSM3:
  41               	/* prologue: function */
  42               	/* frame size = 0 */
  43               	.LBB24:
  44               	.LBB25:
  45               	.LSM4:
  46 0000 5E98      		cbi 43-32,6
  47               	/* epilogue start */
  48               	.LBE25:
  49               	.LBE24:
  50               	.LSM5:
  51 0002 0895      		ret
  52               	.LFE107:
  54               		.section	.text.EVENT_USB_Device_StartOfFrame,"ax",@progbits
  55               	.global	EVENT_USB_Device_StartOfFrame
  57               	EVENT_USB_Device_StartOfFrame:
  58               	.LFB110:
  59               	.LSM6:
  60               	/* prologue: function */
  61               	/* frame size = 0 */
  62               	.LBB26:
  63               	.LBB27:
  64               	.LSM7:
  65 0000 8091 0000 		lds r24,Joystick_HID_Interface+11
  66 0004 9091 0000 		lds r25,(Joystick_HID_Interface+11)+1
  67 0008 0097      		sbiw r24,0
  68 000a 01F0      		breq .L7
  69               	.LSM8:
  70 000c 0197      		sbiw r24,1
  71 000e 9093 0000 		sts (Joystick_HID_Interface+11)+1,r25
  72 0012 8093 0000 		sts Joystick_HID_Interface+11,r24
  73               	.L7:
  74 0016 0895      		ret
  75               	.LBE27:
  76               	.LBE26:
  77               	.LFE110:
  79               		.section	.text.CALLBACK_HID_Device_ProcessHIDReport,"ax",@progbits
  80               	.global	CALLBACK_HID_Device_ProcessHIDReport
  82               	CALLBACK_HID_Device_ProcessHIDReport:
  83               	.LFB112:
  84               	.LSM9:
  85               	.LVL0:
  86               	/* prologue: function */
  87               	/* frame size = 0 */
  88               	/* epilogue start */
  89               	.LSM10:
  90 0000 0895      		ret
  91               	.LFE112:
  93               		.section	.text.CALLBACK_HID_Device_CreateHIDReport,"ax",@progbits
  94               	.global	CALLBACK_HID_Device_CreateHIDReport
  96               	CALLBACK_HID_Device_CreateHIDReport:
  97               	.LFB111:
  98               	.LSM11:
  99               	.LVL1:
 100 0000 EF92      		push r14
 101 0002 FF92      		push r15
 102 0004 0F93      		push r16
 103               	.LVL2:
 104 0006 1F93      		push r17
 105 0008 DF93      		push r29
 106 000a CF93      		push r28
 107 000c CDB7      		in r28,__SP_L__
 108 000e DEB7      		in r29,__SP_H__
 109 0010 2897      		sbiw r28,8
 110 0012 0FB6      		in __tmp_reg__,__SREG__
 111 0014 F894      		cli
 112 0016 DEBF      		out __SP_H__,r29
 113 0018 0FBE      		out __SREG__,__tmp_reg__
 114 001a CDBF      		out __SP_L__,r28
 115               	/* prologue: function */
 116               	/* frame size = 8 */
 117 001c 7801      		movw r14,r16
 118               	.LVL3:
 119               	.LSM12:
 120 001e 8901      		movw r16,r18
 121               	.LVL4:
 122               	.LSM13:
 123 0020 CE01      		movw r24,r28
 124               	.LVL5:
 125 0022 0196      		adiw r24,1
 126 0024 0E94 0000 		call classic_maj_data
 127               	.LVL6:
 128               	.LSM14:
 129 0028 9D81      		ldd r25,Y+5
 130 002a 9D30      		cpi r25,lo8(13)
 131 002c 00F4      		brsh .L11
 132               	.LSM15:
 133 002e 8A81      		ldd r24,Y+2
 134 0030 8260      		ori r24,lo8(2)
 135 0032 8A83      		std Y+2,r24
 136               	.L11:
 137               	.LSM16:
 138 0034 9C32      		cpi r25,lo8(44)
 139 0036 00F0      		brlo .L12
 140               	.LSM17:
 141 0038 8981      		ldd r24,Y+1
 142 003a 8068      		ori r24,lo8(-128)
 143 003c 8983      		std Y+1,r24
 144               	.L12:
 145               	.LSM18:
 146 003e 9E81      		ldd r25,Y+6
 147 0040 9C30      		cpi r25,lo8(12)
 148 0042 00F4      		brsh .L13
 149               	.LSM19:
 150 0044 8981      		ldd r24,Y+1
 151 0046 8064      		ori r24,lo8(64)
 152 0048 8983      		std Y+1,r24
 153               	.L13:
 154               	.LSM20:
 155 004a 9C32      		cpi r25,lo8(44)
 156 004c 00F0      		brlo .L14
 157               	.LSM21:
 158 004e 8A81      		ldd r24,Y+2
 159 0050 8160      		ori r24,lo8(1)
 160 0052 8A83      		std Y+2,r24
 161               	.L14:
 162               	.LSM22:
 163 0054 8981      		ldd r24,Y+1
 164 0056 F801      		movw r30,r16
 165               	.LVL7:
 166 0058 8283      		std Z+2,r24
 167               	.LSM23:
 168 005a 8A81      		ldd r24,Y+2
 169 005c 8383      		std Z+3,r24
 170               	.LSM24:
 171 005e 1082      		st Z,__zero_reg__
 172               	.LSM25:
 173 0060 1182      		std Z+1,__zero_reg__
 174               	.LSM26:
 175 0062 84E0      		ldi r24,lo8(4)
 176 0064 90E0      		ldi r25,hi8(4)
 177 0066 F701      		movw r30,r14
 178 0068 9183      		std Z+1,r25
 179 006a 8083      		st Z,r24
 180               	.LSM27:
 181 006c 80E0      		ldi r24,lo8(0)
 182               	/* epilogue start */
 183 006e 2896      		adiw r28,8
 184 0070 0FB6      		in __tmp_reg__,__SREG__
 185 0072 F894      		cli
 186 0074 DEBF      		out __SP_H__,r29
 187 0076 0FBE      		out __SREG__,__tmp_reg__
 188 0078 CDBF      		out __SP_L__,r28
 189 007a CF91      		pop r28
 190 007c DF91      		pop r29
 191 007e 1F91      		pop r17
 192 0080 0F91      		pop r16
 193               	.LVL8:
 194 0082 FF90      		pop r15
 195 0084 EF90      		pop r14
 196               	.LVL9:
 197 0086 0895      		ret
 198               	.LFE111:
 200               		.section	.text.EVENT_USB_Device_ControlRequest,"ax",@progbits
 201               	.global	EVENT_USB_Device_ControlRequest
 203               	EVENT_USB_Device_ControlRequest:
 204               	.LFB109:
 205               	.LSM28:
 206               	/* prologue: function */
 207               	/* frame size = 0 */
 208               	.LSM29:
 209 0000 80E0      		ldi r24,lo8(Joystick_HID_Interface)
 210 0002 90E0      		ldi r25,hi8(Joystick_HID_Interface)
 211 0004 0E94 0000 		call HID_Device_ProcessControlRequest
 212               	/* epilogue start */
 213               	.LSM30:
 214 0008 0895      		ret
 215               	.LFE109:
 217               		.section	.text.EVENT_USB_Device_ConfigurationChanged,"ax",@progbits
 218               	.global	EVENT_USB_Device_ConfigurationChanged
 220               	EVENT_USB_Device_ConfigurationChanged:
 221               	.LFB108:
 222               	.LSM31:
 223               	/* prologue: function */
 224               	/* frame size = 0 */
 225               	.LSM32:
 226 0000 80E0      		ldi r24,lo8(Joystick_HID_Interface)
 227 0002 90E0      		ldi r25,hi8(Joystick_HID_Interface)
 228 0004 0E94 0000 		call HID_Device_ConfigureEndpoints
 229               	.LBB28:
 230               	.LBB29:
 231               	.LBB30:
 232               	.LBB31:
 233               	.LSM33:
 234 0008 9091 E200 		lds r25,226
 235 000c 9460      		ori r25,lo8(4)
 236 000e 9093 E200 		sts 226,r25
 237               	.LBE31:
 238               	.LBE30:
 239               	.LBE29:
 240               	.LBE28:
 241               	.LSM34:
 242 0012 80FD      		sbrc r24,0
 243 0014 00C0      		rjmp .L19
 244 0016 90E4      		ldi r25,lo8(64)
 245 0018 00C0      		rjmp .L20
 246               	.L19:
 247 001a 90E0      		ldi r25,lo8(0)
 248               	.L20:
 249               	.LBB32:
 250               	.LBB33:
 251               	.LSM35:
 252 001c 8BB1      		in r24,43-32
 253 001e 9095      		com r25
 254 0020 8064      		ori r24,lo8(64)
 255 0022 9823      		and r25,r24
 256 0024 9BB9      		out 43-32,r25
 257               	/* epilogue start */
 258               	.LBE33:
 259               	.LBE32:
 260               	.LSM36:
 261 0026 0895      		ret
 262               	.LFE108:
 264               		.section	.text.SetupHardware,"ax",@progbits
 265               	.global	SetupHardware
 267               	SetupHardware:
 268               	.LFB105:
 269               	.LSM37:
 270               	/* prologue: function */
 271               	/* frame size = 0 */
 272               	.LSM38:
 273 0000 84B7      		in r24,84-32
 274 0002 877F      		andi r24,lo8(-9)
 275 0004 84BF      		out 84-32,r24
 276               	.LSM39:
 277 0006 88E1      		ldi r24,lo8(24)
 278               	/* #APP */
 279               	 ;  86 "classic2usb.c" 1
 280 0008 0FB6      		in __tmp_reg__, __SREG__
 281 000a F894      		cli
 282 000c 8093 6000 		sts 96, r24
 283 0010 1092 6000 		sts 96, __zero_reg__
 284 0014 0FBE      		out __SREG__,__tmp_reg__
 285               		
 286               	 ;  0 "" 2
 287               	/* #NOAPP */
 288               	.LBB34:
 289               	.LBB35:
 290               	.LSM40:
 291 0016 90E0      		ldi r25,lo8(0)
 292 0018 80E8      		ldi r24,lo8(-128)
 293               	/* #APP */
 294               	 ;  1394 "/usr/lib/gcc/avr/4.3.5/../../../avr/include/avr/power.h" 1
 295 001a 0FB6      		in __tmp_reg__,__SREG__
 296 001c F894      		cli
 297 001e 8093 6100 		sts 97, r24
 298 0022 9093 6100 		sts 97, r25
 299 0026 0FBE      		out __SREG__, __tmp_reg__
 300               	 ;  0 "" 2
 301               	/* #NOAPP */
 302               	.LBE35:
 303               	.LBE34:
 304               	.LBB36:
 305               	.LBB37:
 306               	.LSM41:
 307 0028 569A      		sbi 42-32,6
 308               	.LSM42:
 309 002a 5E9A      		sbi 43-32,6
 310               	.LBE37:
 311               	.LBE36:
 312               	.LSM43:
 313 002c 0E94 0000 		call USB_Init
 314               	.LSM44:
 315 0030 0E94 0000 		call classic_init
 316               	/* epilogue start */
 317               	.LSM45:
 318 0034 0895      		ret
 319               	.LFE105:
 321               		.section	.text.main,"ax",@progbits
 322               	.global	main
 324               	main:
 325               	.LFB104:
 326               	.LSM46:
 327               	/* prologue: function */
 328               	/* frame size = 0 */
 329               	.LSM47:
 330 0000 0E94 0000 		call SetupHardware
 331               	.LBB38:
 332               	.LBB39:
 333               	.LSM48:
 334 0004 5E98      		cbi 43-32,6
 335               	.LBE39:
 336               	.LBE38:
 337               	.LSM49:
 338               	/* #APP */
 339               	 ;  72 "classic2usb.c" 1
 340 0006 7894      		sei
 341               	 ;  0 "" 2
 342               	/* #NOAPP */
 343               	.L25:
 344               	.LSM50:
 345 0008 80E0      		ldi r24,lo8(Joystick_HID_Interface)
 346 000a 90E0      		ldi r25,hi8(Joystick_HID_Interface)
 347 000c 0E94 0000 		call HID_Device_USBTask
 348               	.LSM51:
 349 0010 0E94 0000 		call USB_USBTask
 350 0014 00C0      		rjmp .L25
 351               	.LFE104:
 353               	.global	Joystick_HID_Interface
 354               		.data
 357               	Joystick_HID_Interface:
 358 0000 00        		.byte	0
 359 0001 01        		.byte	1
 360 0002 0800      		.word	8
 361 0004 00        		.byte	0
 362 0005 0000      		.word	PrevJoystickHIDReportBuffer
 363 0007 04        		.byte	4
 364 0008 0000 0000 		.skip 5,0
 364      00
 365               		.lcomm PrevJoystickHIDReportBuffer,4
 454               	.Letext0:
DEFINED SYMBOLS
                            *ABS*:0000000000000000 classic2usb.c
     /tmp/cc7uuImN.s:2      *ABS*:000000000000003f __SREG__
     /tmp/cc7uuImN.s:3      *ABS*:000000000000003e __SP_H__
     /tmp/cc7uuImN.s:4      *ABS*:000000000000003d __SP_L__
     /tmp/cc7uuImN.s:5      *ABS*:0000000000000034 __CCP__
     /tmp/cc7uuImN.s:6      *ABS*:0000000000000000 __tmp_reg__
     /tmp/cc7uuImN.s:7      *ABS*:0000000000000001 __zero_reg__
     /tmp/cc7uuImN.s:19     .text.EVENT_USB_Device_Connect:0000000000000000 EVENT_USB_Device_Connect
     /tmp/cc7uuImN.s:38     .text.EVENT_USB_Device_Disconnect:0000000000000000 EVENT_USB_Device_Disconnect
     /tmp/cc7uuImN.s:57     .text.EVENT_USB_Device_StartOfFrame:0000000000000000 EVENT_USB_Device_StartOfFrame
     /tmp/cc7uuImN.s:357    .data:0000000000000000 Joystick_HID_Interface
     /tmp/cc7uuImN.s:82     .text.CALLBACK_HID_Device_ProcessHIDReport:0000000000000000 CALLBACK_HID_Device_ProcessHIDReport
     /tmp/cc7uuImN.s:96     .text.CALLBACK_HID_Device_CreateHIDReport:0000000000000000 CALLBACK_HID_Device_CreateHIDReport
     /tmp/cc7uuImN.s:203    .text.EVENT_USB_Device_ControlRequest:0000000000000000 EVENT_USB_Device_ControlRequest
     /tmp/cc7uuImN.s:220    .text.EVENT_USB_Device_ConfigurationChanged:0000000000000000 EVENT_USB_Device_ConfigurationChanged
     /tmp/cc7uuImN.s:267    .text.SetupHardware:0000000000000000 SetupHardware
     /tmp/cc7uuImN.s:324    .text.main:0000000000000000 main
                             .bss:0000000000000000 PrevJoystickHIDReportBuffer

UNDEFINED SYMBOLS
classic_maj_data
HID_Device_ProcessControlRequest
HID_Device_ConfigureEndpoints
USB_Init
classic_init
HID_Device_USBTask
USB_USBTask
__do_copy_data
__do_clear_bss
